<?xml version="1.0" encoding="UTF-8"?>
<testsuite xmlns:xsi="http://www.w3.org/2001/XMLSchema-instance" xsi:noNamespaceSchemaLocation="https://maven.apache.org/surefire/maven-surefire-plugin/xsd/surefire-test-report.xsd" name="praktikum.GetOrdersTest" time="4.037" tests="2" errors="0" skipped="0" failures="0">
  <properties>
[...]
</properties>
  <testcase name="getOrdersNotAuthorised" classname="praktikum.GetOrdersTest" time="0.633"/>
  <testcase name="getOrdersAuthorised" classname="praktikum.GetOrdersTest" time="3.399"/>
</testsuite>